<?xml version="1.0" encoding="UTF-8"?>
<testng-results skipped="0" failed="0" ignored="0" total="2" passed="2">
  <reporter-output>
  </reporter-output>
  <suite name="Default suite" duration-ms="15300" started-at="2019-05-21T16:21:17Z" finished-at="2019-05-21T16:21:32Z">
    <groups>
    </groups>
    <test name="Default test" duration-ms="15300" started-at="2019-05-21T16:21:17Z" finished-at="2019-05-21T16:21:32Z">
      <class name="apttus.LaunchBrowser">
        <test-method status="PASS" signature="launcher()[pri:0, instance:apttus.LaunchBrowser@47c62251]" name="launcher" is-config="true" duration-ms="7565" started-at="2019-05-21T16:21:17Z" finished-at="2019-05-21T16:21:24Z">
          <reporter-output>
          </reporter-output>
        </test-method> <!-- launcher -->
        <test-method status="PASS" signature="gettitle()[pri:1, instance:apttus.LaunchBrowser@47c62251]" name="gettitle" duration-ms="32" started-at="2019-05-21T16:21:24Z" finished-at="2019-05-21T16:21:24Z">
          <reporter-output>
          </reporter-output>
        </test-method> <!-- gettitle -->
        <test-method status="PASS" signature="sendUserName()[pri:2, instance:apttus.LaunchBrowser@47c62251]" name="sendUserName" duration-ms="5306" started-at="2019-05-21T16:21:24Z" finished-at="2019-05-21T16:21:30Z">
          <reporter-output>
          </reporter-output>
        </test-method> <!-- sendUserName -->
        <test-method status="PASS" signature="closeBrowser()[pri:0, instance:apttus.LaunchBrowser@47c62251]" name="closeBrowser" is-config="true" duration-ms="2318" started-at="2019-05-21T16:21:30Z" finished-at="2019-05-21T16:21:32Z">
          <reporter-output>
          </reporter-output>
        </test-method> <!-- closeBrowser -->
      </class> <!-- apttus.LaunchBrowser -->
    </test> <!-- Default test -->
  </suite> <!-- Default suite -->
</testng-results>
